Determining if the pthread_create exist failed with the following output:
Change Dir: /home/andrewshipilo/Projects/FalconLatinum/cmake-build-debug/CMakeFiles/CMakeTmp

Run Build Command:"/usr/bin/make" "cmTC_ddaeb/fast"
/usr/bin/make -f CMakeFiles/cmTC_ddaeb.dir/build.make CMakeFiles/cmTC_ddaeb.dir/build
make[1]: Entering directory '/home/andrewshipilo/Projects/FalconLatinum/cmake-build-debug/CMakeFiles/CMakeTmp'
Building C object CMakeFiles/cmTC_ddaeb.dir/CheckSymbolExists.c.o
/usr/bin/cc     -o CMakeFiles/cmTC_ddaeb.dir/CheckSymbolExists.c.o   -c /home/andrewshipilo/Projects/FalconLatinum/cmake-build-debug/CMakeFiles/CMakeTmp/CheckSymbolExists.c
Linking C executable cmTC_ddaeb
/home/andrewshipilo/CLion/clion-2016.2.3/bin/cmake/bin/cmake -E cmake_link_script CMakeFiles/cmTC_ddaeb.dir/link.txt --verbose=1
/usr/bin/cc       CMakeFiles/cmTC_ddaeb.dir/CheckSymbolExists.c.o  -o cmTC_ddaeb 
CMakeFiles/cmTC_ddaeb.dir/CheckSymbolExists.c.o: In function `main':
CheckSymbolExists.c:(.text+0x16): undefined reference to `pthread_create'
collect2: error: ld returned 1 exit status
CMakeFiles/cmTC_ddaeb.dir/build.make:97: recipe for target 'cmTC_ddaeb' failed
make[1]: *** [cmTC_ddaeb] Error 1
make[1]: Leaving directory '/home/andrewshipilo/Projects/FalconLatinum/cmake-build-debug/CMakeFiles/CMakeTmp'
Makefile:126: recipe for target 'cmTC_ddaeb/fast' failed
make: *** [cmTC_ddaeb/fast] Error 2

File /home/andrewshipilo/Projects/FalconLatinum/cmake-build-debug/CMakeFiles/CMakeTmp/CheckSymbolExists.c:
/* */
#include <pthread.h>

int main(int argc, char** argv)
{
  (void)argv;
#ifndef pthread_create
  return ((int*)(&pthread_create))[argc];
#else
  (void)argc;
  return 0;
#endif
}

Determining if the function pthread_create exists in the pthreads failed with the following output:
Change Dir: /home/andrewshipilo/Projects/FalconLatinum/cmake-build-debug/CMakeFiles/CMakeTmp

Run Build Command:"/usr/bin/make" "cmTC_48740/fast"
/usr/bin/make -f CMakeFiles/cmTC_48740.dir/build.make CMakeFiles/cmTC_48740.dir/build
make[1]: Entering directory '/home/andrewshipilo/Projects/FalconLatinum/cmake-build-debug/CMakeFiles/CMakeTmp'
Building C object CMakeFiles/cmTC_48740.dir/CheckFunctionExists.c.o
/usr/bin/cc    -DCHECK_FUNCTION_EXISTS=pthread_create   -o CMakeFiles/cmTC_48740.dir/CheckFunctionExists.c.o   -c /home/andrewshipilo/CLion/clion-2016.2.3/bin/cmake/share/cmake-3.6/Modules/CheckFunctionExists.c
Linking C executable cmTC_48740
/home/andrewshipilo/CLion/clion-2016.2.3/bin/cmake/bin/cmake -E cmake_link_script CMakeFiles/cmTC_48740.dir/link.txt --verbose=1
/usr/bin/cc   -DCHECK_FUNCTION_EXISTS=pthread_create    CMakeFiles/cmTC_48740.dir/CheckFunctionExists.c.o  -o cmTC_48740 -lpthreads 
/usr/bin/ld: cannot find -lpthreads
collect2: error: ld returned 1 exit status
CMakeFiles/cmTC_48740.dir/build.make:97: recipe for target 'cmTC_48740' failed
make[1]: *** [cmTC_48740] Error 1
make[1]: Leaving directory '/home/andrewshipilo/Projects/FalconLatinum/cmake-build-debug/CMakeFiles/CMakeTmp'
Makefile:126: recipe for target 'cmTC_48740/fast' failed
make: *** [cmTC_48740/fast] Error 2


